<?xml version="1.0" encoding="UTF-8"?>
<coverage generated="1727264620262" clover="3.2.0">
  <project timestamp="1727264620262" name="All files">
    <metrics statements="114" coveredstatements="107" conditionals="20" coveredconditionals="19" methods="42" coveredmethods="35" elements="176" coveredelements="161" complexity="0" loc="114" ncloc="114" packages="2" files="7" classes="7"/>
    <package name="APICall">
      <metrics statements="106" coveredstatements="99" conditionals="20" coveredconditionals="19" methods="37" coveredmethods="30"/>
      <file name="CommonServiceFileCompo.jsx" path="F:\Development\React JS\React JS-Interview-Test\ReactJSTestCases\ReactJSTestCases\src\Components\APICall\CommonServiceFileCompo.jsx">
        <metrics statements="39" coveredstatements="39" conditionals="8" coveredconditionals="8" methods="10" coveredmethods="10"/>
        <line num="6" count="1" type="stmt"/>
        <line num="7" count="10" type="stmt"/>
        <line num="8" count="10" type="stmt"/>
        <line num="10" count="10" type="stmt"/>
        <line num="11" count="10" type="stmt"/>
        <line num="12" count="10" type="stmt"/>
        <line num="13" count="10" type="stmt"/>
        <line num="14" count="10" type="stmt"/>
        <line num="15" count="10" type="stmt"/>
        <line num="16" count="10" type="stmt"/>
        <line num="18" count="10" type="stmt"/>
        <line num="19" count="10" type="stmt"/>
        <line num="20" count="5" type="stmt"/>
        <line num="22" count="10" type="stmt"/>
        <line num="23" count="5" type="stmt"/>
        <line num="25" count="10" type="stmt"/>
        <line num="26" count="5" type="stmt"/>
        <line num="28" count="10" type="stmt"/>
        <line num="29" count="1" type="stmt"/>
        <line num="31" count="10" type="stmt"/>
        <line num="32" count="5" type="stmt"/>
        <line num="33" count="5" type="stmt"/>
        <line num="34" count="5" type="stmt"/>
        <line num="36" count="10" type="stmt"/>
        <line num="37" count="4" type="stmt"/>
        <line num="38" count="4" type="stmt"/>
        <line num="39" count="4" type="stmt"/>
        <line num="40" count="4" type="stmt"/>
        <line num="43" count="10" type="stmt"/>
        <line num="44" count="4" type="stmt"/>
        <line num="46" count="3" type="stmt"/>
        <line num="47" count="3" type="stmt"/>
        <line num="50" count="1" type="stmt"/>
        <line num="51" count="1" type="stmt"/>
        <line num="57" count="10" type="cond" truecount="2" falsecount="0"/>
        <line num="58" count="4" type="stmt"/>
        <line num="61" count="6" type="cond" truecount="2" falsecount="0"/>
        <line num="62" count="1" type="stmt"/>
        <line num="67" count="5" type="stmt"/>
      </file>
      <file name="UserDetail.jsx" path="F:\Development\React JS\React JS-Interview-Test\ReactJSTestCases\ReactJSTestCases\src\Components\APICall\UserDetail.jsx">
        <metrics statements="23" coveredstatements="21" conditionals="4" coveredconditionals="3" methods="10" coveredmethods="9"/>
        <line num="6" count="2" type="stmt"/>
        <line num="7" count="2" type="stmt"/>
        <line num="8" count="2" type="stmt"/>
        <line num="19" count="2" type="stmt"/>
        <line num="20" count="2" type="stmt"/>
        <line num="21" count="2" type="stmt"/>
        <line num="22" count="2" type="stmt"/>
        <line num="25" count="2" type="stmt"/>
        <line num="26" count="2" type="stmt"/>
        <line num="28" count="2" type="stmt"/>
        <line num="31" count="0" type="stmt"/>
        <line num="36" count="2" type="stmt"/>
        <line num="37" count="3" type="stmt"/>
        <line num="40" count="2" type="stmt"/>
        <line num="41" count="12" type="stmt"/>
        <line num="44" count="2" type="stmt"/>
        <line num="45" count="8" type="stmt"/>
        <line num="50" count="4" type="stmt"/>
        <line num="52" count="4" type="cond" truecount="2" falsecount="0"/>
        <line num="53" count="2" type="stmt"/>
        <line num="56" count="2" type="cond" truecount="1" falsecount="1"/>
        <line num="57" count="0" type="stmt"/>
        <line num="60" count="2" type="stmt"/>
      </file>
      <file name="UserDetailFunctionComp.jsx" path="F:\Development\React JS\React JS-Interview-Test\ReactJSTestCases\ReactJSTestCases\src\Components\APICall\UserDetailFunctionComp.jsx">
        <metrics statements="32" coveredstatements="32" conditionals="8" coveredconditionals="8" methods="10" coveredmethods="10"/>
        <line num="5" count="1" type="stmt"/>
        <line num="6" count="6" type="stmt"/>
        <line num="7" count="6" type="stmt"/>
        <line num="9" count="6" type="stmt"/>
        <line num="10" count="6" type="stmt"/>
        <line num="11" count="6" type="stmt"/>
        <line num="12" count="6" type="stmt"/>
        <line num="13" count="6" type="stmt"/>
        <line num="14" count="6" type="stmt"/>
        <line num="15" count="6" type="stmt"/>
        <line num="17" count="6" type="stmt"/>
        <line num="18" count="3" type="stmt"/>
        <line num="19" count="3" type="stmt"/>
        <line num="20" count="3" type="stmt"/>
        <line num="21" count="3" type="stmt"/>
        <line num="24" count="6" type="stmt"/>
        <line num="25" count="3" type="stmt"/>
        <line num="27" count="2" type="stmt"/>
        <line num="28" count="2" type="stmt"/>
        <line num="31" count="1" type="stmt"/>
        <line num="32" count="1" type="stmt"/>
        <line num="37" count="6" type="stmt"/>
        <line num="38" count="3" type="stmt"/>
        <line num="41" count="6" type="stmt"/>
        <line num="42" count="18" type="stmt"/>
        <line num="45" count="6" type="stmt"/>
        <line num="46" count="12" type="stmt"/>
        <line num="49" count="6" type="cond" truecount="2" falsecount="0"/>
        <line num="50" count="3" type="stmt"/>
        <line num="53" count="3" type="cond" truecount="2" falsecount="0"/>
        <line num="54" count="1" type="stmt"/>
        <line num="57" count="2" type="stmt"/>
      </file>
      <file name="commonServiceFile.js" path="F:\Development\React JS\React JS-Interview-Test\ReactJSTestCases\ReactJSTestCases\src\Components\APICall\commonServiceFile.js">
        <metrics statements="9" coveredstatements="4" conditionals="0" coveredconditionals="0" methods="6" coveredmethods="0"/>
        <line num="3" count="1" type="stmt"/>
        <line num="4" count="0" type="stmt"/>
        <line num="7" count="1" type="stmt"/>
        <line num="8" count="0" type="stmt"/>
        <line num="11" count="1" type="stmt"/>
        <line num="12" count="0" type="stmt"/>
        <line num="15" count="1" type="stmt"/>
        <line num="16" count="0" type="stmt"/>
        <line num="17" count="0" type="stmt"/>
      </file>
      <file name="fetchUserDetailService.js" path="F:\Development\React JS\React JS-Interview-Test\ReactJSTestCases\ReactJSTestCases\src\Components\APICall\fetchUserDetailService.js">
        <metrics statements="3" coveredstatements="3" conditionals="0" coveredconditionals="0" methods="1" coveredmethods="1"/>
        <line num="3" count="4" type="stmt"/>
        <line num="4" count="1" type="stmt"/>
        <line num="5" count="1" type="stmt"/>
      </file>
    </package>
    <package name="Simple">
      <metrics statements="8" coveredstatements="8" conditionals="0" coveredconditionals="0" methods="5" coveredmethods="5"/>
      <file name="Counter.jsx" path="F:\Development\React JS\React JS-Interview-Test\ReactJSTestCases\ReactJSTestCases\src\Components\Simple\Counter.jsx">
        <metrics statements="5" coveredstatements="5" conditionals="0" coveredconditionals="0" methods="3" coveredmethods="3"/>
        <line num="6" count="1" type="stmt"/>
        <line num="7" count="1" type="stmt"/>
        <line num="12" count="1" type="stmt"/>
        <line num="13" count="1" type="stmt"/>
        <line num="17" count="2" type="stmt"/>
      </file>
      <file name="Greeting.jsx" path="F:\Development\React JS\React JS-Interview-Test\ReactJSTestCases\ReactJSTestCases\src\Components\Simple\Greeting.jsx">
        <metrics statements="3" coveredstatements="3" conditionals="0" coveredconditionals="0" methods="2" coveredmethods="2"/>
        <line num="5" count="2" type="stmt"/>
        <line num="7" count="2" type="stmt"/>
        <line num="13" count="1" type="stmt"/>
      </file>
    </package>
  </project>
</coverage>
