{"F:\\Development\\React JS\\React JS-Interview-Test\\ReactJSTestCases\\ReactJSTestCases\\src\\Components\\APICall\\CommonServiceFileCompo.jsx": {"path":"F:\\Development\\React JS\\React JS-Interview-Test\\ReactJSTestCases\\ReactJSTestCases\\src\\Components\\APICall\\CommonServiceFileCompo.jsx","statementMap":{"0":{"start":{"line":6,"column":31},"end":{"line":88,"column":1}},"1":{"start":{"line":7,"column":18},"end":{"line":7,"column":30}},"2":{"start":{"line":8,"column":19},"end":{"line":8,"column":34}},"3":{"start":{"line":10,"column":19},"end":{"line":10,"column":30}},"4":{"start":{"line":11,"column":26},"end":{"line":11,"column":40}},"5":{"start":{"line":12,"column":32},"end":{"line":12,"column":46}},"6":{"start":{"line":13,"column":28},"end":{"line":13,"column":42}},"7":{"start":{"line":14,"column":32},"end":{"line":14,"column":46}},"8":{"start":{"line":15,"column":34},"end":{"line":15,"column":48}},"9":{"start":{"line":16,"column":34},"end":{"line":16,"column":45}},"10":{"start":{"line":18,"column":28},"end":{"line":18,"column":39}},"11":{"start":{"line":19,"column":22},"end":{"line":21,"column":3}},"12":{"start":{"line":20,"column":4},"end":{"line":20,"column":42}},"13":{"start":{"line":22,"column":23},"end":{"line":24,"column":3}},"14":{"start":{"line":23,"column":4},"end":{"line":23,"column":41}},"15":{"start":{"line":25,"column":23},"end":{"line":27,"column":3}},"16":{"start":{"line":26,"column":4},"end":{"line":26,"column":33}},"17":{"start":{"line":28,"column":24},"end":{"line":30,"column":3}},"18":{"start":{"line":29,"column":4},"end":{"line":29,"column":21}},"19":{"start":{"line":31,"column":2},"end":{"line":35,"column":14}},"20":{"start":{"line":32,"column":4},"end":{"line":32,"column":19}},"21":{"start":{"line":33,"column":4},"end":{"line":33,"column":21}},"22":{"start":{"line":34,"column":4},"end":{"line":34,"column":21}},"23":{"start":{"line":36,"column":2},"end":{"line":41,"column":9}},"24":{"start":{"line":37,"column":4},"end":{"line":37,"column":23}},"25":{"start":{"line":38,"column":4},"end":{"line":38,"column":42}},"26":{"start":{"line":39,"column":4},"end":{"line":39,"column":41}},"27":{"start":{"line":40,"column":4},"end":{"line":40,"column":33}},"28":{"start":{"line":43,"column":27},"end":{"line":54,"column":3}},"29":{"start":{"line":44,"column":4},"end":{"line":53,"column":7}},"30":{"start":{"line":46,"column":8},"end":{"line":46,"column":31}},"31":{"start":{"line":47,"column":8},"end":{"line":47,"column":26}},"32":{"start":{"line":50,"column":8},"end":{"line":50,"column":30}},"33":{"start":{"line":51,"column":8},"end":{"line":51,"column":26}},"34":{"start":{"line":57,"column":2},"end":{"line":59,"column":3}},"35":{"start":{"line":58,"column":4},"end":{"line":58,"column":33}},"36":{"start":{"line":61,"column":2},"end":{"line":63,"column":3}},"37":{"start":{"line":62,"column":4},"end":{"line":62,"column":37}},"38":{"start":{"line":67,"column":2},"end":{"line":87,"column":4}}},"fnMap":{"0":{"name":"(anonymous_0)","decl":{"start":{"line":6,"column":31},"end":{"line":6,"column":32}},"loc":{"start":{"line":6,"column":37},"end":{"line":88,"column":1}},"line":6},"1":{"name":"(anonymous_1)","decl":{"start":{"line":19,"column":22},"end":{"line":19,"column":23}},"loc":{"start":{"line":19,"column":26},"end":{"line":21,"column":3}},"line":19},"2":{"name":"(anonymous_2)","decl":{"start":{"line":22,"column":23},"end":{"line":22,"column":24}},"loc":{"start":{"line":22,"column":27},"end":{"line":24,"column":3}},"line":22},"3":{"name":"(anonymous_3)","decl":{"start":{"line":25,"column":23},"end":{"line":25,"column":24}},"loc":{"start":{"line":25,"column":27},"end":{"line":27,"column":3}},"line":25},"4":{"name":"(anonymous_4)","decl":{"start":{"line":28,"column":24},"end":{"line":28,"column":25}},"loc":{"start":{"line":28,"column":28},"end":{"line":30,"column":3}},"line":28},"5":{"name":"(anonymous_5)","decl":{"start":{"line":31,"column":12},"end":{"line":31,"column":13}},"loc":{"start":{"line":31,"column":18},"end":{"line":35,"column":3}},"line":31},"6":{"name":"(anonymous_6)","decl":{"start":{"line":36,"column":12},"end":{"line":36,"column":13}},"loc":{"start":{"line":36,"column":18},"end":{"line":41,"column":3}},"line":36},"7":{"name":"(anonymous_7)","decl":{"start":{"line":43,"column":27},"end":{"line":43,"column":28}},"loc":{"start":{"line":43,"column":33},"end":{"line":54,"column":3}},"line":43},"8":{"name":"(anonymous_8)","decl":{"start":{"line":45,"column":12},"end":{"line":45,"column":13}},"loc":{"start":{"line":45,"column":26},"end":{"line":48,"column":7}},"line":45},"9":{"name":"(anonymous_9)","decl":{"start":{"line":49,"column":13},"end":{"line":49,"column":14}},"loc":{"start":{"line":49,"column":22},"end":{"line":52,"column":7}},"line":49}},"branchMap":{"0":{"loc":{"start":{"line":57,"column":2},"end":{"line":59,"column":3}},"type":"if","locations":[{"start":{"line":57,"column":2},"end":{"line":59,"column":3}},{"start":{},"end":{}}],"line":57},"1":{"loc":{"start":{"line":61,"column":2},"end":{"line":63,"column":3}},"type":"if","locations":[{"start":{"line":61,"column":2},"end":{"line":63,"column":3}},{"start":{},"end":{}}],"line":61},"2":{"loc":{"start":{"line":78,"column":31},"end":{"line":78,"column":60}},"type":"binary-expr","locations":[{"start":{"line":78,"column":31},"end":{"line":78,"column":38}},{"start":{"line":78,"column":42},"end":{"line":78,"column":60}}],"line":78},"3":{"loc":{"start":{"line":80,"column":33},"end":{"line":80,"column":64}},"type":"binary-expr","locations":[{"start":{"line":80,"column":33},"end":{"line":80,"column":41}},{"start":{"line":80,"column":45},"end":{"line":80,"column":64}}],"line":80}},"s":{"0":1,"1":10,"2":10,"3":10,"4":10,"5":10,"6":10,"7":10,"8":10,"9":10,"10":10,"11":10,"12":5,"13":10,"14":5,"15":10,"16":5,"17":10,"18":1,"19":10,"20":5,"21":5,"22":5,"23":10,"24":4,"25":4,"26":4,"27":4,"28":10,"29":4,"30":3,"31":3,"32":1,"33":1,"34":10,"35":4,"36":6,"37":1,"38":5},"f":{"0":10,"1":5,"2":5,"3":5,"4":1,"5":5,"6":4,"7":4,"8":3,"9":1},"b":{"0":[4,6],"1":[1,5],"2":[5,5],"3":[5,5]},"_coverageSchema":"1a1c01bbd47fc00a2c39e90264f33305004495a9","hash":"76862adaab95beefd28ee9acaed7d6ffd5bf44a1"}
,"F:\\Development\\React JS\\React JS-Interview-Test\\ReactJSTestCases\\ReactJSTestCases\\src\\Components\\APICall\\UserDetail.jsx": {"path":"F:\\Development\\React JS\\React JS-Interview-Test\\ReactJSTestCases\\ReactJSTestCases\\src\\Components\\APICall\\UserDetail.jsx","statementMap":{"0":{"start":{"line":6,"column":12},"end":{"line":6,"column":21}},"1":{"start":{"line":7,"column":13},"end":{"line":7,"column":26}},"2":{"start":{"line":8,"column":10},"end":{"line":16,"column":3}},"3":{"start":{"line":19,"column":4},"end":{"line":19,"column":28}},"4":{"start":{"line":20,"column":4},"end":{"line":20,"column":64}},"5":{"start":{"line":21,"column":4},"end":{"line":21,"column":63}},"6":{"start":{"line":22,"column":4},"end":{"line":22,"column":23}},"7":{"start":{"line":25,"column":21},"end":{"line":34,"column":3}},"8":{"start":{"line":26,"column":4},"end":{"line":33,"column":7}},"9":{"start":{"line":28,"column":8},"end":{"line":28,"column":63}},"10":{"start":{"line":31,"column":8},"end":{"line":31,"column":62}},"11":{"start":{"line":36,"column":14},"end":{"line":38,"column":3}},"12":{"start":{"line":37,"column":4},"end":{"line":37,"column":36}},"13":{"start":{"line":40,"column":19},"end":{"line":42,"column":3}},"14":{"start":{"line":41,"column":4},"end":{"line":41,"column":31}},"15":{"start":{"line":41,"column":27},"end":{"line":41,"column":30}},"16":{"start":{"line":44,"column":16},"end":{"line":46,"column":3}},"17":{"start":{"line":45,"column":4},"end":{"line":45,"column":46}},"18":{"start":{"line":45,"column":27},"end":{"line":45,"column":45}},"19":{"start":{"line":50,"column":56},"end":{"line":50,"column":66}},"20":{"start":{"line":52,"column":4},"end":{"line":54,"column":5}},"21":{"start":{"line":53,"column":6},"end":{"line":53,"column":35}},"22":{"start":{"line":56,"column":4},"end":{"line":58,"column":5}},"23":{"start":{"line":57,"column":6},"end":{"line":57,"column":39}},"24":{"start":{"line":60,"column":4},"end":{"line":74,"column":6}}},"fnMap":{"0":{"name":"(anonymous_0)","decl":{"start":{"line":18,"column":2},"end":{"line":18,"column":3}},"loc":{"start":{"line":18,"column":22},"end":{"line":23,"column":3}},"line":18},"1":{"name":"(anonymous_1)","decl":{"start":{"line":25,"column":21},"end":{"line":25,"column":22}},"loc":{"start":{"line":25,"column":27},"end":{"line":34,"column":3}},"line":25},"2":{"name":"(anonymous_2)","decl":{"start":{"line":27,"column":12},"end":{"line":27,"column":13}},"loc":{"start":{"line":27,"column":26},"end":{"line":29,"column":7}},"line":27},"3":{"name":"(anonymous_3)","decl":{"start":{"line":30,"column":13},"end":{"line":30,"column":14}},"loc":{"start":{"line":30,"column":22},"end":{"line":32,"column":7}},"line":30},"4":{"name":"(anonymous_4)","decl":{"start":{"line":36,"column":14},"end":{"line":36,"column":15}},"loc":{"start":{"line":36,"column":23},"end":{"line":38,"column":3}},"line":36},"5":{"name":"(anonymous_5)","decl":{"start":{"line":40,"column":19},"end":{"line":40,"column":20}},"loc":{"start":{"line":40,"column":26},"end":{"line":42,"column":3}},"line":40},"6":{"name":"(anonymous_6)","decl":{"start":{"line":41,"column":20},"end":{"line":41,"column":21}},"loc":{"start":{"line":41,"column":27},"end":{"line":41,"column":30}},"line":41},"7":{"name":"(anonymous_7)","decl":{"start":{"line":44,"column":16},"end":{"line":44,"column":17}},"loc":{"start":{"line":44,"column":23},"end":{"line":46,"column":3}},"line":44},"8":{"name":"(anonymous_8)","decl":{"start":{"line":45,"column":20},"end":{"line":45,"column":21}},"loc":{"start":{"line":45,"column":27},"end":{"line":45,"column":45}},"line":45},"9":{"name":"(anonymous_9)","decl":{"start":{"line":49,"column":2},"end":{"line":49,"column":3}},"loc":{"start":{"line":49,"column":11},"end":{"line":75,"column":3}},"line":49}},"branchMap":{"0":{"loc":{"start":{"line":52,"column":4},"end":{"line":54,"column":5}},"type":"if","locations":[{"start":{"line":52,"column":4},"end":{"line":54,"column":5}},{"start":{},"end":{}}],"line":52},"1":{"loc":{"start":{"line":56,"column":4},"end":{"line":58,"column":5}},"type":"if","locations":[{"start":{"line":56,"column":4},"end":{"line":58,"column":5}},{"start":{},"end":{}}],"line":56}},"s":{"0":2,"1":2,"2":2,"3":2,"4":2,"5":2,"6":2,"7":2,"8":2,"9":2,"10":0,"11":2,"12":3,"13":2,"14":2,"15":12,"16":2,"17":2,"18":8,"19":4,"20":4,"21":2,"22":2,"23":0,"24":2},"f":{"0":2,"1":2,"2":2,"3":0,"4":3,"5":2,"6":12,"7":2,"8":8,"9":4},"b":{"0":[2,2],"1":[0,2]},"_coverageSchema":"1a1c01bbd47fc00a2c39e90264f33305004495a9","hash":"5ac332864d239dfc8ae48a6b9940d7f81e8c87f2"}
,"F:\\Development\\React JS\\React JS-Interview-Test\\ReactJSTestCases\\ReactJSTestCases\\src\\Components\\APICall\\UserDetailFunctionComp.jsx": {"path":"F:\\Development\\React JS\\React JS-Interview-Test\\ReactJSTestCases\\ReactJSTestCases\\src\\Components\\APICall\\UserDetailFunctionComp.jsx","statementMap":{"0":{"start":{"line":5,"column":31},"end":{"line":74,"column":1}},"1":{"start":{"line":6,"column":18},"end":{"line":6,"column":30}},"2":{"start":{"line":7,"column":19},"end":{"line":7,"column":34}},"3":{"start":{"line":9,"column":19},"end":{"line":9,"column":30}},"4":{"start":{"line":10,"column":26},"end":{"line":10,"column":40}},"5":{"start":{"line":11,"column":32},"end":{"line":11,"column":46}},"6":{"start":{"line":12,"column":28},"end":{"line":12,"column":42}},"7":{"start":{"line":13,"column":32},"end":{"line":13,"column":46}},"8":{"start":{"line":14,"column":34},"end":{"line":14,"column":48}},"9":{"start":{"line":15,"column":34},"end":{"line":15,"column":45}},"10":{"start":{"line":17,"column":2},"end":{"line":22,"column":9}},"11":{"start":{"line":18,"column":4},"end":{"line":18,"column":23}},"12":{"start":{"line":19,"column":4},"end":{"line":19,"column":42}},"13":{"start":{"line":20,"column":4},"end":{"line":20,"column":41}},"14":{"start":{"line":21,"column":4},"end":{"line":21,"column":20}},"15":{"start":{"line":24,"column":27},"end":{"line":35,"column":3}},"16":{"start":{"line":25,"column":4},"end":{"line":34,"column":7}},"17":{"start":{"line":27,"column":8},"end":{"line":27,"column":31}},"18":{"start":{"line":28,"column":8},"end":{"line":28,"column":26}},"19":{"start":{"line":31,"column":8},"end":{"line":31,"column":30}},"20":{"start":{"line":32,"column":8},"end":{"line":32,"column":26}},"21":{"start":{"line":37,"column":20},"end":{"line":39,"column":3}},"22":{"start":{"line":38,"column":4},"end":{"line":38,"column":23}},"23":{"start":{"line":41,"column":27},"end":{"line":43,"column":3}},"24":{"start":{"line":42,"column":4},"end":{"line":42,"column":37}},"25":{"start":{"line":42,"column":30},"end":{"line":42,"column":35}},"26":{"start":{"line":45,"column":24},"end":{"line":47,"column":3}},"27":{"start":{"line":46,"column":4},"end":{"line":46,"column":50}},"28":{"start":{"line":46,"column":30},"end":{"line":46,"column":48}},"29":{"start":{"line":49,"column":2},"end":{"line":51,"column":3}},"30":{"start":{"line":50,"column":4},"end":{"line":50,"column":33}},"31":{"start":{"line":53,"column":2},"end":{"line":55,"column":3}},"32":{"start":{"line":54,"column":4},"end":{"line":54,"column":37}},"33":{"start":{"line":57,"column":2},"end":{"line":73,"column":4}}},"fnMap":{"0":{"name":"(anonymous_0)","decl":{"start":{"line":5,"column":31},"end":{"line":5,"column":32}},"loc":{"start":{"line":5,"column":37},"end":{"line":74,"column":1}},"line":5},"1":{"name":"(anonymous_1)","decl":{"start":{"line":17,"column":12},"end":{"line":17,"column":13}},"loc":{"start":{"line":17,"column":18},"end":{"line":22,"column":3}},"line":17},"2":{"name":"(anonymous_2)","decl":{"start":{"line":24,"column":27},"end":{"line":24,"column":28}},"loc":{"start":{"line":24,"column":33},"end":{"line":35,"column":3}},"line":24},"3":{"name":"(anonymous_3)","decl":{"start":{"line":26,"column":12},"end":{"line":26,"column":13}},"loc":{"start":{"line":26,"column":26},"end":{"line":29,"column":7}},"line":26},"4":{"name":"(anonymous_4)","decl":{"start":{"line":30,"column":13},"end":{"line":30,"column":14}},"loc":{"start":{"line":30,"column":22},"end":{"line":33,"column":7}},"line":30},"5":{"name":"(anonymous_5)","decl":{"start":{"line":37,"column":20},"end":{"line":37,"column":21}},"loc":{"start":{"line":37,"column":30},"end":{"line":39,"column":3}},"line":37},"6":{"name":"(anonymous_6)","decl":{"start":{"line":41,"column":27},"end":{"line":41,"column":28}},"loc":{"start":{"line":41,"column":36},"end":{"line":43,"column":3}},"line":41},"7":{"name":"(anonymous_7)","decl":{"start":{"line":42,"column":20},"end":{"line":42,"column":21}},"loc":{"start":{"line":42,"column":30},"end":{"line":42,"column":35}},"line":42},"8":{"name":"(anonymous_8)","decl":{"start":{"line":45,"column":24},"end":{"line":45,"column":25}},"loc":{"start":{"line":45,"column":33},"end":{"line":47,"column":3}},"line":45},"9":{"name":"(anonymous_9)","decl":{"start":{"line":46,"column":20},"end":{"line":46,"column":21}},"loc":{"start":{"line":46,"column":30},"end":{"line":46,"column":48}},"line":46}},"branchMap":{"0":{"loc":{"start":{"line":49,"column":2},"end":{"line":51,"column":3}},"type":"if","locations":[{"start":{"line":49,"column":2},"end":{"line":51,"column":3}},{"start":{},"end":{}}],"line":49},"1":{"loc":{"start":{"line":53,"column":2},"end":{"line":55,"column":3}},"type":"if","locations":[{"start":{"line":53,"column":2},"end":{"line":55,"column":3}},{"start":{},"end":{}}],"line":53},"2":{"loc":{"start":{"line":68,"column":31},"end":{"line":68,"column":60}},"type":"binary-expr","locations":[{"start":{"line":68,"column":31},"end":{"line":68,"column":38}},{"start":{"line":68,"column":42},"end":{"line":68,"column":60}}],"line":68},"3":{"loc":{"start":{"line":70,"column":33},"end":{"line":70,"column":64}},"type":"binary-expr","locations":[{"start":{"line":70,"column":33},"end":{"line":70,"column":41}},{"start":{"line":70,"column":45},"end":{"line":70,"column":64}}],"line":70}},"s":{"0":1,"1":6,"2":6,"3":6,"4":6,"5":6,"6":6,"7":6,"8":6,"9":6,"10":6,"11":3,"12":3,"13":3,"14":3,"15":6,"16":3,"17":2,"18":2,"19":1,"20":1,"21":6,"22":3,"23":6,"24":3,"25":18,"26":6,"27":3,"28":12,"29":6,"30":3,"31":3,"32":1,"33":2},"f":{"0":6,"1":3,"2":3,"3":2,"4":1,"5":3,"6":3,"7":18,"8":3,"9":12},"b":{"0":[3,3],"1":[1,2],"2":[2,2],"3":[2,2]},"_coverageSchema":"1a1c01bbd47fc00a2c39e90264f33305004495a9","hash":"10cdd26c000343a7e126cef56ea3c0bb8eaa48ab"}
,"F:\\Development\\React JS\\React JS-Interview-Test\\ReactJSTestCases\\ReactJSTestCases\\src\\Components\\APICall\\commonServiceFile.js": {"path":"F:\\Development\\React JS\\React JS-Interview-Test\\ReactJSTestCases\\ReactJSTestCases\\src\\Components\\APICall\\commonServiceFile.js","statementMap":{"0":{"start":{"line":3,"column":25},"end":{"line":5,"column":3}},"1":{"start":{"line":4,"column":4},"end":{"line":4,"column":16}},"2":{"start":{"line":7,"column":32},"end":{"line":9,"column":3}},"3":{"start":{"line":8,"column":4},"end":{"line":8,"column":37}},"4":{"start":{"line":8,"column":30},"end":{"line":8,"column":35}},"5":{"start":{"line":11,"column":30},"end":{"line":13,"column":3}},"6":{"start":{"line":12,"column":4},"end":{"line":12,"column":50}},"7":{"start":{"line":12,"column":30},"end":{"line":12,"column":48}},"8":{"start":{"line":15,"column":37},"end":{"line":18,"column":3}},"9":{"start":{"line":16,"column":16},"end":{"line":16,"column":70}},"10":{"start":{"line":17,"column":4},"end":{"line":17,"column":32}}},"fnMap":{"0":{"name":"(anonymous_0)","decl":{"start":{"line":3,"column":25},"end":{"line":3,"column":26}},"loc":{"start":{"line":3,"column":35},"end":{"line":5,"column":3}},"line":3},"1":{"name":"(anonymous_1)","decl":{"start":{"line":7,"column":32},"end":{"line":7,"column":33}},"loc":{"start":{"line":7,"column":41},"end":{"line":9,"column":3}},"line":7},"2":{"name":"(anonymous_2)","decl":{"start":{"line":8,"column":20},"end":{"line":8,"column":21}},"loc":{"start":{"line":8,"column":30},"end":{"line":8,"column":35}},"line":8},"3":{"name":"(anonymous_3)","decl":{"start":{"line":11,"column":30},"end":{"line":11,"column":31}},"loc":{"start":{"line":11,"column":39},"end":{"line":13,"column":3}},"line":11},"4":{"name":"(anonymous_4)","decl":{"start":{"line":12,"column":20},"end":{"line":12,"column":21}},"loc":{"start":{"line":12,"column":30},"end":{"line":12,"column":48}},"line":12},"5":{"name":"(anonymous_5)","decl":{"start":{"line":15,"column":37},"end":{"line":15,"column":38}},"loc":{"start":{"line":15,"column":49},"end":{"line":18,"column":3}},"line":15}},"branchMap":{},"s":{"0":1,"1":0,"2":1,"3":0,"4":0,"5":1,"6":0,"7":0,"8":1,"9":0,"10":0},"f":{"0":0,"1":0,"2":0,"3":0,"4":0,"5":0},"b":{},"_coverageSchema":"1a1c01bbd47fc00a2c39e90264f33305004495a9","hash":"6ed21ec81ecbd0b6967111d6e49311cd2f607174"}
,"F:\\Development\\React JS\\React JS-Interview-Test\\ReactJSTestCases\\ReactJSTestCases\\src\\Components\\APICall\\fetchUserDetailService.js": {"path":"F:\\Development\\React JS\\React JS-Interview-Test\\ReactJSTestCases\\ReactJSTestCases\\src\\Components\\APICall\\fetchUserDetailService.js","statementMap":{"0":{"start":{"line":3,"column":37},"end":{"line":6,"column":3}},"1":{"start":{"line":4,"column":16},"end":{"line":4,"column":70}},"2":{"start":{"line":5,"column":4},"end":{"line":5,"column":32}}},"fnMap":{"0":{"name":"(anonymous_0)","decl":{"start":{"line":3,"column":37},"end":{"line":3,"column":38}},"loc":{"start":{"line":3,"column":49},"end":{"line":6,"column":3}},"line":3}},"branchMap":{},"s":{"0":4,"1":1,"2":1},"f":{"0":1},"b":{},"_coverageSchema":"1a1c01bbd47fc00a2c39e90264f33305004495a9","hash":"c276f7315a2c0f29dc1843b52cdf5f0c07d9c0dd"}
,"F:\\Development\\React JS\\React JS-Interview-Test\\ReactJSTestCases\\ReactJSTestCases\\src\\Components\\Simple\\Counter.jsx": {"path":"F:\\Development\\React JS\\React JS-Interview-Test\\ReactJSTestCases\\ReactJSTestCases\\src\\Components\\Simple\\Counter.jsx","statementMap":{"0":{"start":{"line":6,"column":4},"end":{"line":6,"column":17}},"1":{"start":{"line":7,"column":4},"end":{"line":9,"column":6}},"2":{"start":{"line":12,"column":14},"end":{"line":14,"column":3}},"3":{"start":{"line":13,"column":4},"end":{"line":13,"column":51}},"4":{"start":{"line":17,"column":4},"end":{"line":22,"column":6}}},"fnMap":{"0":{"name":"(anonymous_0)","decl":{"start":{"line":5,"column":2},"end":{"line":5,"column":3}},"loc":{"start":{"line":5,"column":21},"end":{"line":10,"column":3}},"line":5},"1":{"name":"(anonymous_1)","decl":{"start":{"line":12,"column":14},"end":{"line":12,"column":15}},"loc":{"start":{"line":12,"column":20},"end":{"line":14,"column":3}},"line":12},"2":{"name":"(anonymous_2)","decl":{"start":{"line":16,"column":2},"end":{"line":16,"column":3}},"loc":{"start":{"line":16,"column":11},"end":{"line":23,"column":3}},"line":16}},"branchMap":{},"s":{"0":1,"1":1,"2":1,"3":1,"4":2},"f":{"0":1,"1":1,"2":2},"b":{},"_coverageSchema":"1a1c01bbd47fc00a2c39e90264f33305004495a9","hash":"fd6ae3f3f931d7420fd741fcf3bebe01d821b694"}
,"F:\\Development\\React JS\\React JS-Interview-Test\\ReactJSTestCases\\ReactJSTestCases\\src\\Components\\Simple\\Greeting.jsx": {"path":"F:\\Development\\React JS\\React JS-Interview-Test\\ReactJSTestCases\\ReactJSTestCases\\src\\Components\\Simple\\Greeting.jsx","statementMap":{"0":{"start":{"line":5,"column":26},"end":{"line":5,"column":47}},"1":{"start":{"line":7,"column":2},"end":{"line":17,"column":4}},"2":{"start":{"line":13,"column":25},"end":{"line":13,"column":48}}},"fnMap":{"0":{"name":"Greeting","decl":{"start":{"line":4,"column":9},"end":{"line":4,"column":17}},"loc":{"start":{"line":4,"column":35},"end":{"line":18,"column":1}},"line":4},"1":{"name":"(anonymous_1)","decl":{"start":{"line":13,"column":18},"end":{"line":13,"column":19}},"loc":{"start":{"line":13,"column":25},"end":{"line":13,"column":48}},"line":13}},"branchMap":{},"s":{"0":2,"1":2,"2":1},"f":{"0":2,"1":1},"b":{},"_coverageSchema":"1a1c01bbd47fc00a2c39e90264f33305004495a9","hash":"b76cd854a90f6de5b3b5b7c4ea909d85c6c682b5"}
}
