TN:
SF:src\Components\APICall\CommonServiceFileCompo.jsx
FN:6,(anonymous_0)
FN:19,(anonymous_1)
FN:22,(anonymous_2)
FN:25,(anonymous_3)
FN:28,(anonymous_4)
FN:31,(anonymous_5)
FN:36,(anonymous_6)
FN:43,(anonymous_7)
FN:45,(anonymous_8)
FN:49,(anonymous_9)
FNF:10
FNH:10
FNDA:10,(anonymous_0)
FNDA:5,(anonymous_1)
FNDA:5,(anonymous_2)
FNDA:5,(anonymous_3)
FNDA:1,(anonymous_4)
FNDA:5,(anonymous_5)
FNDA:4,(anonymous_6)
FNDA:4,(anonymous_7)
FNDA:3,(anonymous_8)
FNDA:1,(anonymous_9)
DA:6,1
DA:7,10
DA:8,10
DA:10,10
DA:11,10
DA:12,10
DA:13,10
DA:14,10
DA:15,10
DA:16,10
DA:18,10
DA:19,10
DA:20,5
DA:22,10
DA:23,5
DA:25,10
DA:26,5
DA:28,10
DA:29,1
DA:31,10
DA:32,5
DA:33,5
DA:34,5
DA:36,10
DA:37,4
DA:38,4
DA:39,4
DA:40,4
DA:43,10
DA:44,4
DA:46,3
DA:47,3
DA:50,1
DA:51,1
DA:57,10
DA:58,4
DA:61,6
DA:62,1
DA:67,5
LF:39
LH:39
BRDA:57,0,0,4
BRDA:57,0,1,6
BRDA:61,1,0,1
BRDA:61,1,1,5
BRDA:78,2,0,5
BRDA:78,2,1,5
BRDA:80,3,0,5
BRDA:80,3,1,5
BRF:8
BRH:8
end_of_record
TN:
SF:src\Components\APICall\UserDetail.jsx
FN:18,(anonymous_0)
FN:25,(anonymous_1)
FN:27,(anonymous_2)
FN:30,(anonymous_3)
FN:36,(anonymous_4)
FN:40,(anonymous_5)
FN:41,(anonymous_6)
FN:44,(anonymous_7)
FN:45,(anonymous_8)
FN:49,(anonymous_9)
FNF:10
FNH:9
FNDA:2,(anonymous_0)
FNDA:2,(anonymous_1)
FNDA:2,(anonymous_2)
FNDA:0,(anonymous_3)
FNDA:3,(anonymous_4)
FNDA:2,(anonymous_5)
FNDA:12,(anonymous_6)
FNDA:2,(anonymous_7)
FNDA:8,(anonymous_8)
FNDA:4,(anonymous_9)
DA:6,2
DA:7,2
DA:8,2
DA:19,2
DA:20,2
DA:21,2
DA:22,2
DA:25,2
DA:26,2
DA:28,2
DA:31,0
DA:36,2
DA:37,3
DA:40,2
DA:41,12
DA:44,2
DA:45,8
DA:50,4
DA:52,4
DA:53,2
DA:56,2
DA:57,0
DA:60,2
LF:23
LH:21
BRDA:52,0,0,2
BRDA:52,0,1,2
BRDA:56,1,0,0
BRDA:56,1,1,2
BRF:4
BRH:3
end_of_record
TN:
SF:src\Components\APICall\UserDetailFunctionComp.jsx
FN:5,(anonymous_0)
FN:17,(anonymous_1)
FN:24,(anonymous_2)
FN:26,(anonymous_3)
FN:30,(anonymous_4)
FN:37,(anonymous_5)
FN:41,(anonymous_6)
FN:42,(anonymous_7)
FN:45,(anonymous_8)
FN:46,(anonymous_9)
FNF:10
FNH:10
FNDA:6,(anonymous_0)
FNDA:3,(anonymous_1)
FNDA:3,(anonymous_2)
FNDA:2,(anonymous_3)
FNDA:1,(anonymous_4)
FNDA:3,(anonymous_5)
FNDA:3,(anonymous_6)
FNDA:18,(anonymous_7)
FNDA:3,(anonymous_8)
FNDA:12,(anonymous_9)
DA:5,1
DA:6,6
DA:7,6
DA:9,6
DA:10,6
DA:11,6
DA:12,6
DA:13,6
DA:14,6
DA:15,6
DA:17,6
DA:18,3
DA:19,3
DA:20,3
DA:21,3
DA:24,6
DA:25,3
DA:27,2
DA:28,2
DA:31,1
DA:32,1
DA:37,6
DA:38,3
DA:41,6
DA:42,18
DA:45,6
DA:46,12
DA:49,6
DA:50,3
DA:53,3
DA:54,1
DA:57,2
LF:32
LH:32
BRDA:49,0,0,3
BRDA:49,0,1,3
BRDA:53,1,0,1
BRDA:53,1,1,2
BRDA:68,2,0,2
BRDA:68,2,1,2
BRDA:70,3,0,2
BRDA:70,3,1,2
BRF:8
BRH:8
end_of_record
TN:
SF:src\Components\APICall\commonServiceFile.js
FN:3,(anonymous_0)
FN:7,(anonymous_1)
FN:8,(anonymous_2)
FN:11,(anonymous_3)
FN:12,(anonymous_4)
FN:15,(anonymous_5)
FNF:6
FNH:0
FNDA:0,(anonymous_0)
FNDA:0,(anonymous_1)
FNDA:0,(anonymous_2)
FNDA:0,(anonymous_3)
FNDA:0,(anonymous_4)
FNDA:0,(anonymous_5)
DA:3,1
DA:4,0
DA:7,1
DA:8,0
DA:11,1
DA:12,0
DA:15,1
DA:16,0
DA:17,0
LF:9
LH:4
BRF:0
BRH:0
end_of_record
TN:
SF:src\Components\APICall\fetchUserDetailService.js
FN:3,(anonymous_0)
FNF:1
FNH:1
FNDA:1,(anonymous_0)
DA:3,4
DA:4,1
DA:5,1
LF:3
LH:3
BRF:0
BRH:0
end_of_record
TN:
SF:src\Components\Simple\Counter.jsx
FN:5,(anonymous_0)
FN:12,(anonymous_1)
FN:16,(anonymous_2)
FNF:3
FNH:3
FNDA:1,(anonymous_0)
FNDA:1,(anonymous_1)
FNDA:2,(anonymous_2)
DA:6,1
DA:7,1
DA:12,1
DA:13,1
DA:17,2
LF:5
LH:5
BRF:0
BRH:0
end_of_record
TN:
SF:src\Components\Simple\Greeting.jsx
FN:4,Greeting
FN:13,(anonymous_1)
FNF:2
FNH:2
FNDA:2,Greeting
FNDA:1,(anonymous_1)
DA:5,2
DA:7,2
DA:13,1
LF:3
LH:3
BRF:0
BRH:0
end_of_record
